<?xml version="1.0" encoding="UTF-8"?>
<testng-results ignored="0" total="2" passed="2" failed="0" skipped="0">
  <reporter-output>
  </reporter-output>
  <suite started-at="2024-07-04T07:47:05 IST" name="Suite" finished-at="2024-07-04T07:49:07 IST" duration-ms="121154">
    <groups>
    </groups>
    <test started-at="2024-07-04T07:47:05 IST" name="Test" finished-at="2024-07-04T07:49:07 IST" duration-ms="121154">
      <class name="practice.test.Demo">
        <test-method signature="getFirefox()[pri:0, instance:practice.test.Demo@353352b6]" started-at="2024-07-04T07:47:06 IST" name="getFirefox" finished-at="2024-07-04T07:49:07 IST" duration-ms="121012" status="PASS">
          <reporter-output>
          </reporter-output>
        </test-method> <!-- getFirefox -->
        <test-method signature="getChorme()[pri:0, instance:practice.test.Demo@353352b6]" started-at="2024-07-04T07:47:06 IST" name="getChorme" finished-at="2024-07-04T07:48:20 IST" duration-ms="74228" status="PASS">
          <reporter-output>
          </reporter-output>
        </test-method> <!-- getChorme -->
      </class> <!-- practice.test.Demo -->
    </test> <!-- Test -->
  </suite> <!-- Suite -->
</testng-results>
