<?xml version="1.0" encoding="UTF-8"?>
<testng-results ignored="0" total="1" passed="1" failed="0" skipped="0">
  <reporter-output>
  </reporter-output>
  <suite started-at="2024-07-06T21:33:28 IST" name="Default suite" finished-at="2024-07-06T21:33:29 IST" duration-ms="240">
    <groups>
    </groups>
    <test started-at="2024-07-06T21:33:28 IST" name="Default test" finished-at="2024-07-06T21:33:29 IST" duration-ms="240">
      <class name="practice.test.Palindrom">
        <test-method signature="main()[pri:1, instance:practice.test.Palindrom@8462f31]" started-at="2024-07-06T21:33:29 IST" name="main" finished-at="2024-07-06T21:33:29 IST" duration-ms="42" status="PASS">
          <reporter-output>
          </reporter-output>
        </test-method> <!-- main -->
      </class> <!-- practice.test.Palindrom -->
    </test> <!-- Default test -->
  </suite> <!-- Default suite -->
</testng-results>
